This is e-pTeX, Version 3.14159265-p3.8.2-190908-2.6 (utf8.euc) (TeX Live 2019/Debian) (preloaded format=platex 2023.1.28)  14 FEB 2023 23:24
entering extended mode
 restricted \write18 enabled.
 file:line:error style messages enabled.
 %&-line parsing enabled.
**image.tex
(./image.tex
pLaTeX2e <2020-02-02>+2 (based on LaTeX2e <2020-02-02> patch level 2)
L3 programming layer <2020-02-14>
(/usr/share/texlive/texmf-dist/tex/platex/jsclasses/jsarticle.cls
Document Class: jsarticle 2020/02/02 jsclasses (okumura, texjporg)
\jsc@mpt=\dimen150
\jsc@mmm=\dimen151
\jsc@smallskipamount=\skip47
LaTeX Info: Redefining \textmc on input line 496.
LaTeX Info: Redefining \textgt on input line 498.
\symmincho=\mathgroup4
LaTeX Font Info:    Overwriting symbol font `mincho' in version `bold'
(Font)                  JY1/mc/m/n --> JY1/gt/m/n on input line 560.
LaTeX Font Info:    Font shape `JT1/mc/m/n' will be
(Font)              scaled to size 9.60999pt on input line 751.
LaTeX Font Info:    Font shape `JY1/mc/m/n' will be
(Font)              scaled to size 9.60999pt on input line 751.
\fullwidth=\dimen152
LaTeX Font Info:    Font shape `JT1/mc/m/n' will be
(Font)              scaled to size 7.68799pt on input line 904.
LaTeX Font Info:    Font shape `JY1/mc/m/n' will be
(Font)              scaled to size 7.68799pt on input line 904.
\c@part=\count166
\c@section=\count167
\c@subsection=\count168
\c@subsubsection=\count169
\c@paragraph=\count170
\c@subparagraph=\count171
\@abstractbox=\box61
\c@figure=\count172
\c@table=\count173
\abovecaptionskip=\skip48
\belowcaptionskip=\skip49
\jsc@tocl@width=\dimen153
\@lnumwidth=\dimen154
\bibindent=\dimen155
(/usr/share/texlive/texmf-dist/tex/platex/jsclasses/jslogo.sty
Package: jslogo 2019/07/25 okumura, texjporg
LaTeX Info: Redefining \TeX on input line 94.
LaTeX Info: Redefining \LaTeX on input line 147.
LaTeX Info: Redefining \LaTeXe on input line 200.
)
\heisei=\count174
)
(/usr/share/texlive/texmf-dist/tex/latex/graphics/graphics.sty
Package: graphics 2019/11/30 v1.4a Standard LaTeX Graphics (DPC,SPQR)

(/usr/share/texlive/texmf-dist/tex/latex/graphics/trig.sty
Package: trig 2016/01/03 v1.10 sin cos tan (DPC)
)
(/usr/share/texlive/texmf-dist/tex/latex/graphics-cfg/graphics.cfg
File: graphics.cfg 2016/06/04 v1.11 sample graphics configuration
)
Package graphics Info: Driver file: dvipdfmx.def on input line 105.

(/usr/share/texlive/texmf-dist/tex/latex/graphics-def/dvipdfmx.def
File: dvipdfmx.def 2017/06/24 v5.0g Graphics/color driver for dvipdfmx
))
(/usr/share/texlive/texmf-dist/tex/latex/l3backend/l3backend-dvips.def
File: l3backend-dvips.def 2020-02-03 L3 backend support: dvips
\l__pdf_internal_box=\box62
\g__pdf_backend_object_int=\count175
\l__pdf_backend_content_box=\box63
\l__pdf_backend_model_box=\box64
\g__pdf_backend_annotation_int=\count176
\g__pdf_backend_link_int=\count177
\g__pdf_backend_link_sf_int=\count178
)
(./image.aux)
\openout1 = `image.aux'.

LaTeX Font Info:    Checking defaults for OML/cmm/m/it on input line 4.
LaTeX Font Info:    ... okay on input line 4.
LaTeX Font Info:    Checking defaults for OMS/cmsy/m/n on input line 4.
LaTeX Font Info:    ... okay on input line 4.
LaTeX Font Info:    Checking defaults for OT1/cmr/m/n on input line 4.
LaTeX Font Info:    ... okay on input line 4.
LaTeX Font Info:    Checking defaults for T1/cmr/m/n on input line 4.
LaTeX Font Info:    ... okay on input line 4.
LaTeX Font Info:    Checking defaults for TS1/cmr/m/n on input line 4.
LaTeX Font Info:    ... okay on input line 4.
LaTeX Font Info:    Checking defaults for OMX/cmex/m/n on input line 4.
LaTeX Font Info:    ... okay on input line 4.
LaTeX Font Info:    Checking defaults for U/cmr/m/n on input line 4.
LaTeX Font Info:    ... okay on input line 4.
LaTeX Font Info:    Checking defaults for JY1/mc/m/n on input line 4.
LaTeX Font Info:    ... okay on input line 4.
LaTeX Font Info:    Checking defaults for JT1/mc/m/n on input line 4.
LaTeX Font Info:    ... okay on input line 4.
 [1

] (./image.aux) ) 
Here is how much of TeX's memory you used:
 861 strings out of 481768
 12080 string characters out of 5933620
 249869 words of memory out of 5000000
 16341 multiletter control sequences out of 15000+600000
 537070 words of font info for 46 fonts, out of 8000000 for 9000
 934 hyphenation exceptions out of 8191
 24i,4n,22p,172b,154s stack positions out of 5000i,500n,10000p,200000b,80000s

Output written on image.dvi (1 page, 300 bytes).
